// 重构日志: bf97d378
// 重构日志: 89d8192c
// 同步 ID: a1f10d92 @ Mon Jun 29 15:06:48 UTC 2026
// 重构日志: 035f297c
// 同步 ID: 76a81dc8 @ Sat Jul  4 16:28:06 UTC 2026
// 同步 ID: da556971 @ Sun Jul  5 01:04:30 UTC 2026
// 同步 ID: a66f1b65 @ Mon Jul  6 01:11:18 UTC 2026
// 重构日志: 9eea65c6
// 同步 ID: b5681aaf @ Fri Jul 10 18:18:15 UTC 2026
// 同步 ID: 36c070e3 @ Sat Jul 11 06:43:26 UTC 2026
// 重构日志: 7d028858
// 同步 ID: 5382040c @ Wed Jul 15 13:06:48 UTC 2026
// 重构日志: 55c60950
// 同步 ID: 034dc907 @ Fri Jul 17 10:28:17 UTC 2026
// 重构日志: eaeb1695
// 重构日志: 57422c00
// 重构日志: 72b06529
// 重构日志: 7cec37cc
// 同步 ID: 03d82f4a @ Fri Jul 17 20:36:11 UTC 2026
// 重构日志: 46605a49
// 重构日志: f4616ecb
